<?xml version="1.0" encoding="UTF-8"?>
<!-- Generated by org.testng.reporters.JUnitXMLReporter -->
<testsuite ignored="0" hostname="DESKTOP-V69EE57" failures="0" tests="5" name="TestEdge" time="5.326" errors="0" timestamp="01 Mar 2023 10:04:56 GMT">
  <testcase classname="com.testng.facebook.FacebookTestNG" name="@BeforeClass openChrome_Fb" time="5.255">
    <failure type="io.github.bonigarcia.wdm.WebDriverManagerException" message="java.util.NoSuchElementException">
      <![CDATA[io.github.bonigarcia.wdm.WebDriverManagerException: java.util.NoSuchElementException
at io.github.bonigarcia.wdm.WebDriverManager.handleException(WebDriverManager.java:776)
at io.github.bonigarcia.wdm.WebDriverManager.manage(WebDriverManager.java:550)
at io.github.bonigarcia.wdm.WebDriverManager.handleException(WebDriverManager.java:773)
at io.github.bonigarcia.wdm.WebDriverManager.manage(WebDriverManager.java:550)
at io.github.bonigarcia.wdm.WebDriverManager.handleException(WebDriverManager.java:766)
at io.github.bonigarcia.wdm.WebDriverManager.manage(WebDriverManager.java:550)
at io.github.bonigarcia.wdm.WebDriverManager.setup(WebDriverManager.java:260)
at com.baseclass.BaseClass.launchBrowser(BaseClass.java:85)
at com.testng.facebook.FacebookTestNG.openChrome_Fb(FacebookTestNG.java:34)
at java.base/java.util.concurrent.FutureTask.run(FutureTask.java:264)
at java.base/java.util.concurrent.ThreadPoolExecutor.runWorker(ThreadPoolExecutor.java:1136)
at java.base/java.util.concurrent.ThreadPoolExecutor$Worker.run(ThreadPoolExecutor.java:635)
at java.base/java.lang.Thread.run(Thread.java:833)
Caused by: java.util.NoSuchElementException
at java.base/java.util.ArrayList$Itr.next(ArrayList.java:970)
at io.github.bonigarcia.wdm.EdgeDriverManager.checkLatest(EdgeDriverManager.java:179)
at io.github.bonigarcia.wdm.WebDriverManager.filterCandidateUrls(WebDriverManager.java:799)
at io.github.bonigarcia.wdm.WebDriverManager.downloadAndExport(WebDriverManager.java:568)
at io.github.bonigarcia.wdm.WebDriverManager.manage(WebDriverManager.java:547)
... 28 more
... Removed 17 stack frames]]>
    </failure>
  </testcase> <!-- @BeforeClass openChrome_Fb -->
  <testcase classname="com.testng.facebook.FacebookTestNG" name="titleUrlCheck" time="0.0">
    <skipped/>
  </testcase> <!-- titleUrlCheck -->
  <testcase classname="com.testng.facebook.FacebookTestNG" name="loggingIn" time="0.0">
    <skipped/>
  </testcase> <!-- loggingIn -->
  <testcase classname="com.testng.facebook.FacebookTestNG" name="screenShot" time="0.0">
    <skipped/>
  </testcase> <!-- screenShot -->
  <testcase classname="com.testng.facebook.FacebookTestNG" name="createAcc" time="0.0">
    <skipped/>
  </testcase> <!-- createAcc -->
  <testcase classname="com.testng.facebook.FacebookTestNG" name="screenShot_CreateNewAccErr" time="0.0">
    <skipped/>
  </testcase> <!-- screenShot_CreateNewAccErr -->
</testsuite> <!-- TestEdge -->
